mmap(NULL, 8192, PROT_READ|PROT_WRITE, MAP_PRIVATE|MAP_ANONYMOUS, -1, 0) = 0x7f487fef4000
open("/etc/ld.so.cache", O_RDONLY|O_CLOEXEC) = 3
mmap(NULL, 87139, PROT_READ, MAP_PRIVATE, 3, 0) = 0x7f487fede000
open("/lib/x86_64-linux-gnu/libc.so.6", O_RDONLY|O_CLOEXEC) = 3
read(3, "\177ELF\2\1\1\3\0\0\0\0\0\0\0\0\3\0>\0\1\0\0\0P\t\2\0\0\0\0\0"..., 832) = 832
mmap(NULL, 3967392, PROT_READ|PROT_EXEC, MAP_PRIVATE|MAP_DENYWRITE, 3, 0) = 0x7f487f908000
mmap(0x7f487fcc7000, 24576, PROT_READ|PROT_WRITE, MAP_PRIVATE|MAP_FIXED|MAP_DENYWRITE, 3, 0x1bf000) = 0x7f487fcc7000
mmap(0x7f487fccd000, 14752, PROT_READ|PROT_WRITE, MAP_PRIVATE|MAP_FIXED|MAP_ANONYMOUS, -1, 0) = 0x7f487fccd000
mmap(NULL, 4096, PROT_READ|PROT_WRITE, MAP_PRIVATE|MAP_ANONYMOUS, -1, 0) = 0x7f487fedd000
mmap(NULL, 4096, PROT_READ|PROT_WRITE, MAP_PRIVATE|MAP_ANONYMOUS, -1, 0) = 0x7f487fedc000
mmap(NULL, 4096, PROT_READ|PROT_WRITE, MAP_PRIVATE|MAP_ANONYMOUS, -1, 0) = 0x7f487fedb000
open("REQ_PIPE_42526", O_RDONLY)        = 3
open("RESP_PIPE_42526", O_WRONLY)       = 4
read(3, "\n", 1)                        = 1
read(3, "CREATE_SHM", 10)               = 10
read(3, "\0q:\0", 4)                    = 4
read(3, "\10", 1)                       = 1
read(3, "MAP_FILE", 8)                  = 8
read(3, "\30", 1)                       = 1
read(3, "test_root/f0wxdQ5ysf.KHx", 24) = 24
open("test_root/f0wxdQ5ysf.KHx", O_RDONLY) = 5
mmap(NULL, 74577, PROT_READ, MAP_SHARED, 5, 0) = 0x7f487fee1000
read(3, "\36", 1)                       = 1
read(3, "READ_FROM_LOGICAL_SPACE_OFFSET", 30) = 30
read(3, "\315\227\0\0", 4)              = 4
read(3, "\211\7\0\0", 4)                = 4
read(3, "\36", 1)                       = 1
read(3, "READ_FROM_LOGICAL_SPACE_OFFSET", 30) = 30
read(3, "\233\253\0\0", 4)              = 4
read(3, "\204\t\0\0", 4)                = 4
read(3, "\36", 1)                       = 1
read(3, "READ_FROM_LOGICAL_SPACE_OFFSET", 30) = 30
read(3, "\5\v\1\0", 4)                  = 4
read(3, "\0\1\0\0", 4)                  = 4
read(3, "\36", 1)                       = 1
read(3, "READ_FROM_LOGICAL_SPACE_OFFSET", 30) = 30
read(3, "\214\33\1\0", 4)               = 4
read(3, "n\n\0\0", 4)                   = 4
read(3, "\4", 1)                        = 1
read(3, "EXIT", 4)                      = 4
+++ exited with 0 +++
