d:\andrei\scoala\ecg\lab5\egc_lab5\debug\vc140.pdb
d:\andrei\scoala\ecg\lab5\egc_lab5\debug\vc140.idb
d:\andrei\scoala\ecg\lab5\egc_lab5\debug\camera.obj
d:\andrei\scoala\ecg\lab5\egc_lab5\debug\projection.obj
d:\andrei\scoala\ecg\lab5\egc_lab5\debug\main.obj
d:\andrei\scoala\ecg\lab5\egc_lab5\debug\egc_lab5.obj
d:\andrei\scoala\ecg\lab5\egc_lab5\debug\mat3.obj
d:\andrei\scoala\ecg\lab5\egc_lab5\debug\mat4.obj
d:\andrei\scoala\ecg\lab5\egc_lab5\debug\stdafx.obj
d:\andrei\scoala\ecg\lab5\egc_lab5\debug\vec2.obj
d:\andrei\scoala\ecg\lab5\egc_lab5\debug\vec3.obj
d:\andrei\scoala\ecg\lab5\egc_lab5\debug\vec4.obj
d:\andrei\scoala\ecg\lab5\debug\proiect ecg.pdb
d:\andrei\scoala\ecg\lab5\egc_lab5\debug\proiect ecg.tlog\cl.command.1.tlog
d:\andrei\scoala\ecg\lab5\egc_lab5\debug\proiect ecg.tlog\cl.read.1.tlog
d:\andrei\scoala\ecg\lab5\egc_lab5\debug\proiect ecg.tlog\cl.write.1.tlog
d:\andrei\scoala\ecg\lab5\egc_lab5\debug\proiect ecg.tlog\link-cvtres.read.1.tlog
d:\andrei\scoala\ecg\lab5\egc_lab5\debug\proiect ecg.tlog\link-cvtres.write.1.tlog
d:\andrei\scoala\ecg\lab5\egc_lab5\debug\proiect ecg.tlog\link-rc.read.1.tlog
d:\andrei\scoala\ecg\lab5\egc_lab5\debug\proiect ecg.tlog\link-rc.write.1.tlog
d:\andrei\scoala\ecg\lab5\egc_lab5\debug\proiect ecg.tlog\link.command.1.tlog
d:\andrei\scoala\ecg\lab5\egc_lab5\debug\proiect ecg.tlog\link.read.1.tlog
d:\andrei\scoala\ecg\lab5\egc_lab5\debug\proiect ecg.tlog\link.write.1.tlog
