d:\andrei\scoala\ecg\lab4\lab4\lab4\debug\vc140.pdb
d:\andrei\scoala\ecg\lab4\lab4\lab4\debug\vc140.idb
d:\andrei\scoala\ecg\lab4\lab4\lab4\debug\main 2.obj
d:\andrei\scoala\ecg\lab4\lab4\lab4\debug\main.obj
d:\andrei\scoala\ecg\lab4\lab4\lab4\debug\mat3.obj
d:\andrei\scoala\ecg\lab4\lab4\lab4\debug\mat4.obj
d:\andrei\scoala\ecg\lab4\lab4\lab4\debug\testmatrix.obj
d:\andrei\scoala\ecg\lab4\lab4\lab4\debug\testtransform.obj
d:\andrei\scoala\ecg\lab4\lab4\lab4\debug\vec2.obj
d:\andrei\scoala\ecg\lab4\lab4\lab4\debug\transform.obj
d:\andrei\scoala\ecg\lab4\lab4\debug\lab4.pdb
d:\andrei\scoala\ecg\lab4\lab4\lab4\debug\lab4.tlog\cl.command.1.tlog
d:\andrei\scoala\ecg\lab4\lab4\lab4\debug\lab4.tlog\cl.read.1.tlog
d:\andrei\scoala\ecg\lab4\lab4\lab4\debug\lab4.tlog\cl.write.1.tlog
d:\andrei\scoala\ecg\lab4\lab4\lab4\debug\lab4.tlog\link-cvtres.read.1.tlog
d:\andrei\scoala\ecg\lab4\lab4\lab4\debug\lab4.tlog\link-cvtres.write.1.tlog
d:\andrei\scoala\ecg\lab4\lab4\lab4\debug\lab4.tlog\link-rc.read.1.tlog
d:\andrei\scoala\ecg\lab4\lab4\lab4\debug\lab4.tlog\link-rc.write.1.tlog
d:\andrei\scoala\ecg\lab4\lab4\lab4\debug\lab4.tlog\link.command.1.tlog
d:\andrei\scoala\ecg\lab4\lab4\lab4\debug\lab4.tlog\link.read.1.tlog
d:\andrei\scoala\ecg\lab4\lab4\lab4\debug\lab4.tlog\link.write.1.tlog
